<?xml version="1.0" encoding="UTF-8"?>
<testsuite name="com.example.demo.web.UserResourceIntegrationTest" tests="8" skipped="0" failures="0" errors="0" timestamp="2022-10-21T15:07:41" hostname="ebelokopytova.nb.ipa.dataart.net" time="0.743">
  <properties/>
  <testcase name="Assert user not found by id()" classname="com.example.demo.web.UserResourceIntegrationTest" time="0.286"/>
  <testcase name="Assert users list content and status code()" classname="com.example.demo.web.UserResourceIntegrationTest" time="0.062"/>
  <testcase name="Assert increase balance by id()" classname="com.example.demo.web.UserResourceIntegrationTest" time="0.109"/>
  <testcase name="Assert create order()" classname="com.example.demo.web.UserResourceIntegrationTest" time="0.041"/>
  <testcase name="Assert get user profile by id()" classname="com.example.demo.web.UserResourceIntegrationTest" time="0.188"/>
  <testcase name="Assert get user balance by id()" classname="com.example.demo.web.UserResourceIntegrationTest" time="0.011"/>
  <testcase name="Assert get order()" classname="com.example.demo.web.UserResourceIntegrationTest" time="0.019"/>
  <testcase name="Assert not update balance for not supported amount()" classname="com.example.demo.web.UserResourceIntegrationTest" time="0.01"/>
  <system-out><![CDATA[19:07:37.598 [Test worker] DEBUG org.springframework.test.context.BootstrapUtils - Instantiating CacheAwareContextLoaderDelegate from class [org.springframework.test.context.cache.DefaultCacheAwareContextLoaderDelegate]
19:07:37.604 [Test worker] DEBUG org.springframework.test.context.BootstrapUtils - Instantiating BootstrapContext using constructor [public org.springframework.test.context.support.DefaultBootstrapContext(java.lang.Class,org.springframework.test.context.CacheAwareContextLoaderDelegate)]
19:07:37.629 [Test worker] DEBUG org.springframework.test.context.BootstrapUtils - Instantiating TestContextBootstrapper for test class [com.example.demo.web.UserResourceIntegrationTest] from class [org.springframework.boot.test.context.SpringBootTestContextBootstrapper]
19:07:37.638 [Test worker] INFO org.springframework.boot.test.context.SpringBootTestContextBootstrapper - Neither @ContextConfiguration nor @ContextHierarchy found for test class [com.example.demo.web.UserResourceIntegrationTest], using SpringBootContextLoader
19:07:37.642 [Test worker] DEBUG org.springframework.test.context.support.AbstractContextLoader - Did not detect default resource location for test class [com.example.demo.web.UserResourceIntegrationTest]: class path resource [com/example/demo/web/UserResourceIntegrationTest-context.xml] does not exist
19:07:37.642 [Test worker] DEBUG org.springframework.test.context.support.AbstractContextLoader - Did not detect default resource location for test class [com.example.demo.web.UserResourceIntegrationTest]: class path resource [com/example/demo/web/UserResourceIntegrationTestContext.groovy] does not exist
19:07:37.643 [Test worker] INFO org.springframework.test.context.support.AbstractContextLoader - Could not detect default resource locations for test class [com.example.demo.web.UserResourceIntegrationTest]: no resource found for suffixes {-context.xml, Context.groovy}.
19:07:37.643 [Test worker] INFO org.springframework.test.context.support.AnnotationConfigContextLoaderUtils - Could not detect default configuration classes for test class [com.example.demo.web.UserResourceIntegrationTest]: UserResourceIntegrationTest does not declare any static, non-private, non-final, nested classes annotated with @Configuration.
19:07:37.679 [Test worker] DEBUG org.springframework.test.context.support.ActiveProfilesUtils - Could not find an 'annotation declaring class' for annotation type [org.springframework.test.context.ActiveProfiles] and class [com.example.demo.web.UserResourceIntegrationTest]
19:07:37.748 [Test worker] DEBUG org.springframework.context.annotation.ClassPathScanningCandidateComponentProvider - Identified candidate component class: file [/home/universe.dart.spb/ebelokopytova/IdeaProjects/kotin-streaming-service-demo/build/classes/kotlin/main/com/example/demo/DemoApplication.class]
19:07:37.760 [Test worker] INFO org.springframework.boot.test.context.SpringBootTestContextBootstrapper - Found @SpringBootConfiguration com.example.demo.DemoApplication for test class com.example.demo.web.UserResourceIntegrationTest
19:07:37.815 [Test worker] DEBUG org.springframework.boot.test.context.SpringBootTestContextBootstrapper - @TestExecutionListeners is not present for class [com.example.demo.web.UserResourceIntegrationTest]: using defaults.
19:07:37.816 [Test worker] INFO org.springframework.boot.test.context.SpringBootTestContextBootstrapper - Loaded default TestExecutionListener class names from location [META-INF/spring.factories]: [org.springframework.boot.test.autoconfigure.restdocs.RestDocsTestExecutionListener, org.springframework.boot.test.autoconfigure.web.client.MockRestServiceServerResetTestExecutionListener, org.springframework.boot.test.autoconfigure.web.servlet.MockMvcPrintOnlyOnFailureTestExecutionListener, org.springframework.boot.test.autoconfigure.web.servlet.WebDriverTestExecutionListener, org.springframework.boot.test.autoconfigure.webservices.client.MockWebServiceServerTestExecutionListener, org.springframework.boot.test.mock.mockito.MockitoTestExecutionListener, org.springframework.boot.test.mock.mockito.ResetMocksTestExecutionListener, org.springframework.test.context.web.ServletTestExecutionListener, org.springframework.test.context.support.DirtiesContextBeforeModesTestExecutionListener, org.springframework.test.context.event.ApplicationEventsTestExecutionListener, org.springframework.test.context.support.DependencyInjectionTestExecutionListener, org.springframework.test.context.support.DirtiesContextTestExecutionListener, org.springframework.test.context.transaction.TransactionalTestExecutionListener, org.springframework.test.context.jdbc.SqlScriptsTestExecutionListener, org.springframework.test.context.event.EventPublishingTestExecutionListener]
19:07:37.825 [Test worker] INFO org.springframework.boot.test.context.SpringBootTestContextBootstrapper - Using TestExecutionListeners: [org.springframework.test.context.web.ServletTestExecutionListener@1cd201a8, org.springframework.test.context.support.DirtiesContextBeforeModesTestExecutionListener@7db82169, org.springframework.test.context.event.ApplicationEventsTestExecutionListener@1992eaf4, org.springframework.boot.test.mock.mockito.MockitoTestExecutionListener@f74e835, org.springframework.boot.test.autoconfigure.SpringBootDependencyInjectionTestExecutionListener@3276732, org.springframework.test.context.support.DirtiesContextTestExecutionListener@3f28bd56, org.springframework.test.context.transaction.TransactionalTestExecutionListener@31e3250d, org.springframework.test.context.jdbc.SqlScriptsTestExecutionListener@19fe4644, org.springframework.test.context.event.EventPublishingTestExecutionListener@21d8bcbe, org.springframework.boot.test.autoconfigure.restdocs.RestDocsTestExecutionListener@5be067de, org.springframework.boot.test.autoconfigure.web.client.MockRestServiceServerResetTestExecutionListener@7383eae2, org.springframework.boot.test.autoconfigure.web.servlet.MockMvcPrintOnlyOnFailureTestExecutionListener@18245eb0, org.springframework.boot.test.autoconfigure.web.servlet.WebDriverTestExecutionListener@7c7d3c46, org.springframework.boot.test.autoconfigure.webservices.client.MockWebServiceServerTestExecutionListener@24fb6a80, org.springframework.boot.test.mock.mockito.ResetMocksTestExecutionListener@48c35007]
19:07:37.828 [Test worker] DEBUG org.springframework.test.context.support.AbstractDirtiesContextTestExecutionListener - Before test class: context [DefaultTestContext@28276e50 testClass = UserResourceIntegrationTest, testInstance = [null], testMethod = [null], testException = [null], mergedContextConfiguration = [WebMergedContextConfiguration@62e70ea3 testClass = UserResourceIntegrationTest, locations = '{}', classes = '{class com.example.demo.DemoApplication}', contextInitializerClasses = '[]', activeProfiles = '{}', propertySourceLocations = '{}', propertySourceProperties = '{org.springframework.boot.test.context.SpringBootTestContextBootstrapper=true, server.port=0}', contextCustomizers = set[org.springframework.boot.test.autoconfigure.actuate.metrics.MetricsExportContextCustomizerFactory$DisableMetricExportContextCustomizer@49ff7d8c, org.springframework.boot.test.autoconfigure.properties.PropertyMappingContextCustomizer@0, org.springframework.boot.test.autoconfigure.web.servlet.WebDriverContextCustomizerFactory$Customizer@3ad2e17, org.springframework.boot.test.context.filter.ExcludeFilterContextCustomizer@1608bcbd, org.springframework.boot.test.json.DuplicateJsonObjectContextCustomizerFactory$DuplicateJsonObjectContextCustomizer@b2c5e07, org.springframework.boot.test.mock.mockito.MockitoContextCustomizer@0, org.springframework.boot.test.web.client.TestRestTemplateContextCustomizer@676cf48, org.springframework.boot.test.context.SpringBootTestArgs@1, org.springframework.boot.test.context.SpringBootTestWebEnvironment@6c779568], resourceBasePath = 'src/main/webapp', contextLoader = 'org.springframework.boot.test.context.SpringBootContextLoader', parent = [null]], attributes = map['org.springframework.test.context.web.ServletTestExecutionListener.activateListener' -> false]], class annotated with @DirtiesContext [false] with mode [null].

  .   ____          _            __ _ _
 /\\ / ___'_ __ _ _(_)_ __  __ _ \ \ \ \
( ( )\___ | '_ | '_| | '_ \/ _` | \ \ \ \
 \\/  ___)| |_)| | | | | || (_| |  ) ) ) )
  '  |____| .__|_| |_|_| |_\__, | / / / /
 =========|_|==============|___/=/_/_/_/
 :: Spring Boot ::                (v2.6.7)

2022-10-21 19:07:38.081  INFO 429456 --- [    Test worker] c.e.d.web.UserResourceIntegrationTest    : Starting UserResourceIntegrationTest using Java 17.0.3 on ebelokopytova.nb.ipa.dataart.net with PID 429456 (started by ebelokopytova@universe.dart.spb in /home/universe.dart.spb/ebelokopytova/IdeaProjects/kotin-streaming-service-demo)
2022-10-21 19:07:38.082  INFO 429456 --- [    Test worker] c.e.d.web.UserResourceIntegrationTest    : No active profile set, falling back to 1 default profile: "default"
2022-10-21 19:07:38.587  INFO 429456 --- [    Test worker] .s.d.r.c.RepositoryConfigurationDelegate : Bootstrapping Spring Data JPA repositories in DEFAULT mode.
2022-10-21 19:07:38.627  INFO 429456 --- [    Test worker] .s.d.r.c.RepositoryConfigurationDelegate : Finished Spring Data repository scanning in 35 ms. Found 3 JPA repository interfaces.
2022-10-21 19:07:39.046  INFO 429456 --- [    Test worker] o.s.b.w.embedded.tomcat.TomcatWebServer  : Tomcat initialized with port(s): 0 (http)
2022-10-21 19:07:39.053  INFO 429456 --- [    Test worker] o.apache.catalina.core.StandardService   : Starting service [Tomcat]
2022-10-21 19:07:39.053  INFO 429456 --- [    Test worker] org.apache.catalina.core.StandardEngine  : Starting Servlet engine: [Apache Tomcat/9.0.62]
2022-10-21 19:07:39.128  INFO 429456 --- [    Test worker] o.a.c.c.C.[Tomcat].[localhost].[/]       : Initializing Spring embedded WebApplicationContext
2022-10-21 19:07:39.128  INFO 429456 --- [    Test worker] w.s.c.ServletWebServerApplicationContext : Root WebApplicationContext: initialization completed in 1027 ms
2022-10-21 19:07:39.283  INFO 429456 --- [    Test worker] com.zaxxer.hikari.HikariDataSource       : HikariPool-1 - Starting...
2022-10-21 19:07:39.377  INFO 429456 --- [    Test worker] com.zaxxer.hikari.HikariDataSource       : HikariPool-1 - Start completed.
2022-10-21 19:07:39.415  INFO 429456 --- [    Test worker] o.hibernate.jpa.internal.util.LogHelper  : HHH000204: Processing PersistenceUnitInfo [name: default]
2022-10-21 19:07:39.445  INFO 429456 --- [    Test worker] org.hibernate.Version                    : HHH000412: Hibernate ORM core version 5.6.8.Final
2022-10-21 19:07:39.535  INFO 429456 --- [    Test worker] o.hibernate.annotations.common.Version   : HCANN000001: Hibernate Commons Annotations {5.1.2.Final}
2022-10-21 19:07:39.602  INFO 429456 --- [    Test worker] org.hibernate.dialect.Dialect            : HHH000400: Using dialect: org.hibernate.dialect.H2Dialect
2022-10-21 19:07:39.928  INFO 429456 --- [    Test worker] o.h.e.t.j.p.i.JtaPlatformInitiator       : HHH000490: Using JtaPlatform implementation: [org.hibernate.engine.transaction.jta.platform.internal.NoJtaPlatform]
2022-10-21 19:07:39.932  INFO 429456 --- [    Test worker] j.LocalContainerEntityManagerFactoryBean : Initialized JPA EntityManagerFactory for persistence unit 'default'
2022-10-21 19:07:40.692  WARN 429456 --- [    Test worker] JpaBaseConfiguration$JpaWebConfiguration : spring.jpa.open-in-view is enabled by default. Therefore, database queries may be performed during view rendering. Explicitly configure spring.jpa.open-in-view to disable this warning
2022-10-21 19:07:41.722  INFO 429456 --- [    Test worker] o.s.b.w.embedded.tomcat.TomcatWebServer  : Tomcat started on port(s): 44507 (http) with context path ''
2022-10-21 19:07:41.730  INFO 429456 --- [    Test worker] c.e.d.web.UserResourceIntegrationTest    : Started UserResourceIntegrationTest in 3.877 seconds (JVM running for 4.654)
2022-10-21 19:07:41.906  INFO 429456 --- [o-auto-1-exec-1] o.a.c.c.C.[Tomcat].[localhost].[/]       : Initializing Spring DispatcherServlet 'dispatcherServlet'
2022-10-21 19:07:41.907  INFO 429456 --- [o-auto-1-exec-1] o.s.web.servlet.DispatcherServlet        : Initializing Servlet 'dispatcherServlet'
2022-10-21 19:07:41.908  INFO 429456 --- [o-auto-1-exec-1] o.s.web.servlet.DispatcherServlet        : Completed initialization in 1 ms
]]></system-out>
  <system-err><![CDATA[]]></system-err>
</testsuite>
